<?xml version="1.0" encoding="UTF-8"?>
<robot generator="Robot 7.3 (Python 3.12.7 on linux)" generated="2025-06-13T18:54:52.379964" rpa="false" schemaversion="5">
<suite id="s1" name="Login" source="/home/cortes/Documents/Compass_Estágio/GIT/Schollarship_Compass/Documentos/Sprint_7/QAx/projects/mark85-robot-express/tests/login.robot">
<test id="s1-t1" name="Deve logar com usuario pre-cadastratado" line="11">
<kw name="Start Session" owner="base" type="SETUP">
<kw name="New Browser" owner="Browser">
<msg time="2025-06-13T18:54:52.858925" level="INFO">{"browser": "firefox", "headless": false, "chromiumSandbox": false, "devtools": false, "handleSIGHUP": true, "handleSIGINT": true, "handleSIGTERM": true, "slowMo": 0.0, "timeout": 30000.0, "tracesDir": "/home/cortes/Documents/Compass_Est\u00e1gio/GIT/Schollarship_Compass/Documentos/Sprint_7/QAx/projects/mark85-robot-express/tests/logs/browser/traces/temp/152aeb1a-07fb-4eb9-8a06-ceb4299e90c9"}</msg>
<msg time="2025-06-13T18:54:52.889044" level="INFO">Starting Browser process /home/cortes/Documents/Compass_Estágio/GIT/Schollarship_Compass/Documentos/Sprint_7/QAx/projects/venv/lib/python3.12/site-packages/Browser/wrapper/index.js using at 127.0.0.1:44951</msg>
<msg time="2025-06-13T18:54:54.658254" level="INFO">Successfully created browser with options: {"browser":"firefox","headless":false,"chromiumSandbox":false,"devtools":false,"handleSIGHUP":true,"handleSIGINT":true,"handleSIGTERM":true,"slowMo":0,"timeout":30000,"tracesDir":"/home/cortes/Documents/Compass_Estágio/GIT/Schollarship_Compass/Documentos/Sprint_7/QAx/projects/mark85-robot-express/tests/logs/browser/traces/temp/152aeb1a-07fb-4eb9-8a06-ceb4299e90c9"}</msg>
<arg>browser=firefox</arg>
<arg>headless=false</arg>
<tag>BrowserControl</tag>
<tag>Setter</tag>
<doc>Create a new playwright Browser with specified options.</doc>
<status status="PASS" start="2025-06-13T18:54:52.857310" elapsed="1.801192"/>
</kw>
<kw name="New Page" owner="Browser">
<msg time="2025-06-13T18:54:57.471956" level="INFO">Successfully initialized new page object and opened url: http://localhost:3000</msg>
<msg time="2025-06-13T18:54:57.472137" level="INFO">No context was open. New context was automatically opened when this page is created.</msg>
<arg>${BASE_URL}</arg>
<tag>BrowserControl</tag>
<tag>Setter</tag>
<doc>Open a new Page.</doc>
<status status="PASS" start="2025-06-13T18:54:54.658828" elapsed="2.813640"/>
</kw>
<status status="PASS" start="2025-06-13T18:54:52.855882" elapsed="4.616917"/>
</kw>
<kw name="Create Dictionary" owner="BuiltIn">
<msg time="2025-06-13T18:54:57.474393" level="INFO">${user} = {'name': 'DouglasQA', 'email': 'douglasQA@gmail.com', 'password': '123456'}</msg>
<var>${user}</var>
<arg>name=DouglasQA</arg>
<arg>email=douglasQA@gmail.com</arg>
<arg>password=123456</arg>
<doc>Creates and returns a dictionary based on the given ``items``.</doc>
<status status="PASS" start="2025-06-13T18:54:57.473381" elapsed="0.001116"/>
</kw>
<kw name="Remove user from database" owner="database">
<msg time="2025-06-13T18:54:57.618860" level="INFO">removing user bydouglasQA@gmail.com</msg>
<arg>${user}[email]</arg>
<status status="PASS" start="2025-06-13T18:54:57.475121" elapsed="0.144065"/>
</kw>
<kw name="Insert user from database" owner="database">
<msg time="2025-06-13T18:54:57.672330" level="INFO">{'name': 'DouglasQA', 'email': 'douglasQA@gmail.com', 'password': '123456'}</msg>
<arg>${user}</arg>
<status status="PASS" start="2025-06-13T18:54:57.619841" elapsed="0.052663"/>
</kw>
<kw name="Submit login form" owner="LoginPage">
<kw name="Fill Text" owner="Browser">
<msg time="2025-06-13T18:54:57.675901" level="INFO">Fills the text 'douglasQA@gmail.com' in the given field.</msg>
<arg>css=input[placeholder$=mail]</arg>
<arg>${user}[email]</arg>
<tag>PageContent</tag>
<tag>Setter</tag>
<doc>Clears and fills the given ``txt`` into the text field found by ``selector``.</doc>
<status status="PASS" start="2025-06-13T18:54:57.674426" elapsed="0.165310"/>
</kw>
<kw name="Fill Text" owner="Browser">
<msg time="2025-06-13T18:54:57.841171" level="INFO">Fills the text '123456' in the given field.</msg>
<arg>css=input[placeholder$=Senha]</arg>
<arg>${user}[password]</arg>
<tag>PageContent</tag>
<tag>Setter</tag>
<doc>Clears and fills the given ``txt`` into the text field found by ``selector``.</doc>
<status status="PASS" start="2025-06-13T18:54:57.840121" elapsed="0.048122"/>
</kw>
<kw name="Click" owner="Browser">
<msg time="2025-06-13T18:54:57.889980" level="INFO">Clicks the element 'css=button &gt;&gt; text=Entrar'.</msg>
<arg>css=button &gt;&gt; text=Entrar</arg>
<tag>PageContent</tag>
<tag>Setter</tag>
<doc>Simulates mouse click on the element found by ``selector``.</doc>
<status status="PASS" start="2025-06-13T18:54:57.888829" elapsed="0.156603"/>
</kw>
<arg>${user}</arg>
<status status="PASS" start="2025-06-13T18:54:57.673089" elapsed="0.372557"/>
</kw>
<kw name="User should be logged in" owner="LoginPage">
<kw name="Split String" owner="String">
<msg time="2025-06-13T18:54:58.047934" level="INFO">@{splited_name} = [ DouglasQA ]</msg>
<var>@{splited_name}</var>
<arg>${name}</arg>
<doc>Splits the ``string`` using ``separator`` as a delimiter string.</doc>
<status status="PASS" start="2025-06-13T18:54:58.047097" elapsed="0.000952"/>
</kw>
<kw name="Set Variable" owner="BuiltIn">
<msg time="2025-06-13T18:54:58.049047" level="INFO">${element} = css=header .right small</msg>
<var>${element}</var>
<arg>css=header .right small</arg>
<doc>Returns the given values which can then be assigned to a variables.</doc>
<status status="PASS" start="2025-06-13T18:54:58.048446" elapsed="0.000708"/>
</kw>
<kw name="Wait For Elements State" owner="Browser">
<msg time="2025-06-13T18:54:58.122961" level="INFO">Waited for Element with selector css=header .right small at state visible</msg>
<arg>${element}</arg>
<arg>visible</arg>
<arg>5</arg>
<tag>PageContent</tag>
<tag>Wait</tag>
<doc>Waits for the element found by ``selector`` to satisfy state option.</doc>
<status status="PASS" start="2025-06-13T18:54:58.049562" elapsed="0.073755"/>
</kw>
<kw name="Get Text" owner="Browser">
<msg time="2025-06-13T18:54:58.192774" level="INFO">Text: 'Olá, DouglasQA'</msg>
<arg>${element}</arg>
<arg>equal</arg>
<arg>Olá, ${splited_name}[0]</arg>
<tag>Assertion</tag>
<tag>Getter</tag>
<tag>PageContent</tag>
<doc>Returns text attribute of the element found by ``selector``.</doc>
<status status="PASS" start="2025-06-13T18:54:58.123749" elapsed="0.069218"/>
</kw>
<arg>${user}[name]</arg>
<status status="PASS" start="2025-06-13T18:54:58.046201" elapsed="0.146941"/>
</kw>
<kw name="Take Screenshot" owner="Browser" type="TEARDOWN">
<msg time="2025-06-13T18:54:58.370886" level="INFO" html="true">&lt;/td&gt;&lt;/tr&gt;&lt;tr&gt;&lt;td colspan="3"&gt;&lt;a href="browser/screenshot/robotframework-browser-screenshot-1.png" target="_blank"&gt;&lt;img src="browser/screenshot/robotframework-browser-screenshot-1.png" width="800px"/&gt;&lt;/a&gt;</msg>
<tag>PageContent</tag>
<doc>Takes a screenshot of the current window or element and saves it to disk.</doc>
<status status="PASS" start="2025-06-13T18:54:58.193583" elapsed="0.177545"/>
</kw>
<msg time="2025-06-13T18:54:58.415048" level="INFO">Switching context to context=2a6a539e-4621-431d-8f42-a25fd0c50cba in CURRENT</msg>
<msg time="2025-06-13T18:54:58.436528" level="INFO">Successfully changed active context: context=2a6a539e-4621-431d-8f42-a25fd0c50cba</msg>
<msg time="2025-06-13T18:54:58.472419" level="INFO">Successfully closed Context</msg>
<status status="PASS" start="2025-06-13T18:54:52.854355" elapsed="5.516958"/>
</test>
<test id="s1-t2" name="Não deve logar com senha inválida" line="26">
<kw name="Start Session" owner="base" type="SETUP">
<kw name="New Browser" owner="Browser">
<msg time="2025-06-13T18:54:58.483286" level="INFO">Switching browser to browser=4f593fa8-6d3f-45c1-b643-6ea00683dccc</msg>
<msg time="2025-06-13T18:54:58.488679" level="INFO">Successfully changed active browser: browser=4f593fa8-6d3f-45c1-b643-6ea00683dccc</msg>
<msg time="2025-06-13T18:54:58.489035" level="INFO">Reusing existing browser with id: browser=4f593fa8-6d3f-45c1-b643-6ea00683dccc</msg>
<arg>browser=firefox</arg>
<arg>headless=false</arg>
<tag>BrowserControl</tag>
<tag>Setter</tag>
<doc>Create a new playwright Browser with specified options.</doc>
<status status="PASS" start="2025-06-13T18:54:58.482176" elapsed="0.007219"/>
</kw>
<kw name="New Page" owner="Browser">
<msg time="2025-06-13T18:54:59.296237" level="INFO">Successfully initialized new page object and opened url: http://localhost:3000</msg>
<msg time="2025-06-13T18:54:59.296401" level="INFO">No context was open. New context was automatically opened when this page is created.</msg>
<arg>${BASE_URL}</arg>
<tag>BrowserControl</tag>
<tag>Setter</tag>
<doc>Open a new Page.</doc>
<status status="PASS" start="2025-06-13T18:54:58.490020" elapsed="0.806735"/>
</kw>
<status status="PASS" start="2025-06-13T18:54:58.481187" elapsed="0.815822"/>
</kw>
<kw name="Create Dictionary" owner="BuiltIn">
<msg time="2025-06-13T18:54:59.298265" level="INFO">${user} = {'name': 'Steve', 'email': 'steve@apple.com', 'password': '1234567'}</msg>
<var>${user}</var>
<arg>name=Steve</arg>
<arg>email=steve@apple.com</arg>
<arg>password=1234567</arg>
<doc>Creates and returns a dictionary based on the given ``items``.</doc>
<status status="PASS" start="2025-06-13T18:54:59.297551" elapsed="0.000776"/>
</kw>
<kw name="Remove user from database" owner="database">
<msg time="2025-06-13T18:54:59.313445" level="INFO">removing user bysteve@apple.com</msg>
<arg>${user}[email]</arg>
<status status="PASS" start="2025-06-13T18:54:59.298638" elapsed="0.015104"/>
</kw>
<kw name="Insert user from database" owner="database">
<msg time="2025-06-13T18:54:59.373001" level="INFO">{'name': 'Steve', 'email': 'steve@apple.com', 'password': '1234567'}</msg>
<arg>${user}</arg>
<status status="PASS" start="2025-06-13T18:54:59.314505" elapsed="0.058628"/>
</kw>
<kw name="Set To Dictionary" owner="Collections">
<arg>${user}</arg>
<arg>password=abc123</arg>
<doc>Adds the given ``key_value_pairs`` and/or ``items`` to the ``dictionary``.</doc>
<status status="PASS" start="2025-06-13T18:54:59.373511" elapsed="0.000465"/>
</kw>
<kw name="Submit login form" owner="LoginPage">
<kw name="Fill Text" owner="Browser">
<msg time="2025-06-13T18:54:59.376036" level="INFO">Fills the text 'steve@apple.com' in the given field.</msg>
<arg>css=input[placeholder$=mail]</arg>
<arg>${user}[email]</arg>
<tag>PageContent</tag>
<tag>Setter</tag>
<doc>Clears and fills the given ``txt`` into the text field found by ``selector``.</doc>
<status status="PASS" start="2025-06-13T18:54:59.375238" elapsed="0.149319"/>
</kw>
<kw name="Fill Text" owner="Browser">
<msg time="2025-06-13T18:54:59.526441" level="INFO">Fills the text 'abc123' in the given field.</msg>
<arg>css=input[placeholder$=Senha]</arg>
<arg>${user}[password]</arg>
<tag>PageContent</tag>
<tag>Setter</tag>
<doc>Clears and fills the given ``txt`` into the text field found by ``selector``.</doc>
<status status="PASS" start="2025-06-13T18:54:59.525186" elapsed="0.033008"/>
</kw>
<kw name="Click" owner="Browser">
<msg time="2025-06-13T18:54:59.559390" level="INFO">Clicks the element 'css=button &gt;&gt; text=Entrar'.</msg>
<arg>css=button &gt;&gt; text=Entrar</arg>
<tag>PageContent</tag>
<tag>Setter</tag>
<doc>Simulates mouse click on the element found by ``selector``.</doc>
<status status="PASS" start="2025-06-13T18:54:59.558603" elapsed="0.106838"/>
</kw>
<arg>${user}</arg>
<status status="PASS" start="2025-06-13T18:54:59.374445" elapsed="0.291213"/>
</kw>
<kw name="Notice should be" owner="Notice">
<kw name="Set Variable" owner="BuiltIn">
<msg time="2025-06-13T18:54:59.667858" level="INFO">${element} = css=.notice p</msg>
<var>${element}</var>
<arg>css=.notice p</arg>
<doc>Returns the given values which can then be assigned to a variables.</doc>
<status status="PASS" start="2025-06-13T18:54:59.667001" elapsed="0.000988"/>
</kw>
<kw name="Wait For Elements State" owner="Browser">
<msg time="2025-06-13T18:54:59.730636" level="INFO">Waited for Element with selector css=.notice p at state visible</msg>
<arg>${element}</arg>
<arg>visible</arg>
<arg>5</arg>
<tag>PageContent</tag>
<tag>Wait</tag>
<doc>Waits for the element found by ``selector`` to satisfy state option.</doc>
<status status="PASS" start="2025-06-13T18:54:59.668392" elapsed="0.062669"/>
</kw>
<kw name="Get Text" owner="Browser">
<msg time="2025-06-13T18:54:59.805635" level="INFO">Text: 'Ocorreu um erro ao fazer login, verifique suas credenciais.'</msg>
<arg>${element}</arg>
<arg>equal</arg>
<arg>${expected_text}</arg>
<tag>Assertion</tag>
<tag>Getter</tag>
<tag>PageContent</tag>
<doc>Returns text attribute of the element found by ``selector``.</doc>
<status status="PASS" start="2025-06-13T18:54:59.731337" elapsed="0.074507"/>
</kw>
<arg>Ocorreu um erro ao fazer login, verifique suas credenciais.</arg>
<status status="PASS" start="2025-06-13T18:54:59.666051" elapsed="0.139978"/>
</kw>
<kw name="Take Screenshot" owner="Browser" type="TEARDOWN">
<msg time="2025-06-13T18:54:59.980921" level="INFO" html="true">&lt;/td&gt;&lt;/tr&gt;&lt;tr&gt;&lt;td colspan="3"&gt;&lt;a href="browser/screenshot/robotframework-browser-screenshot-2.png" target="_blank"&gt;&lt;img src="browser/screenshot/robotframework-browser-screenshot-2.png" width="800px"/&gt;&lt;/a&gt;</msg>
<tag>PageContent</tag>
<doc>Takes a screenshot of the current window or element and saves it to disk.</doc>
<status status="PASS" start="2025-06-13T18:54:59.806528" elapsed="0.174866"/>
</kw>
<msg time="2025-06-13T18:55:00.015904" level="INFO">Switching context to context=3df440c3-8256-4944-bdd5-fab9b0d40975 in CURRENT</msg>
<msg time="2025-06-13T18:55:00.032852" level="INFO">Successfully changed active context: context=3df440c3-8256-4944-bdd5-fab9b0d40975</msg>
<msg time="2025-06-13T18:55:00.050344" level="INFO">Successfully closed Context</msg>
<status status="PASS" start="2025-06-13T18:54:58.473684" elapsed="1.508120"/>
</test>
<doc>Cenários de autenticação</doc>
<status status="PASS" start="2025-06-13T18:54:52.381200" elapsed="7.670496"/>
</suite>
<statistics>
<total>
<stat pass="2" fail="0" skip="0">All Tests</stat>
</total>
<tag>
</tag>
<suite>
<stat name="Login" id="s1" pass="2" fail="0" skip="0">Login</stat>
</suite>
</statistics>
<errors>
</errors>
</robot>
