<?xml version="1.0" encoding="UTF-8"?>
<robot generator="Robot 7.3 (Python 3.12.7 on linux)" generated="2025-06-16T04:18:30.879601" rpa="false" schemaversion="5">
<suite id="s1" name="Tasks" source="/home/cortes/Documents/Compass_Estágio/GIT/Schollarship_Compass/Documentos/Sprint_7/QAx/projects/mark85-robot-express/tests/tasks">
<suite id="s1-s1" name="Create" source="/home/cortes/Documents/Compass_Estágio/GIT/Schollarship_Compass/Documentos/Sprint_7/QAx/projects/mark85-robot-express/tests/tasks/create.robot">
<test id="s1-s1-t1" name="Deve poder cadastrar uma nova tarefa" line="12">
<kw name="Start Session" owner="base" type="SETUP">
<kw name="New Browser" owner="Browser">
<msg time="2025-06-16T04:18:31.859489" level="INFO">{"browser": "firefox", "headless": false, "chromiumSandbox": false, "devtools": false, "handleSIGHUP": true, "handleSIGINT": true, "handleSIGTERM": true, "slowMo": 0.0, "timeout": 30000.0, "tracesDir": "/home/cortes/Documents/Compass_Est\u00e1gio/GIT/Schollarship_Compass/Documentos/Sprint_7/QAx/projects/mark85-robot-express/logs/browser/traces/temp/f87d1081-e705-445e-89e9-95e29e5ffb86"}</msg>
<msg time="2025-06-16T04:18:31.871218" level="INFO">Starting Browser process /home/cortes/Documents/Compass_Estágio/GIT/Schollarship_Compass/Documentos/Sprint_7/QAx/projects/mark85-robot-express/venv/lib/python3.12/site-packages/Browser/wrapper/index.js using at 127.0.0.1:47133</msg>
<msg time="2025-06-16T04:18:34.249303" level="INFO">Successfully created browser with options: {"browser":"firefox","headless":false,"chromiumSandbox":false,"devtools":false,"handleSIGHUP":true,"handleSIGINT":true,"handleSIGTERM":true,"slowMo":0,"timeout":30000,"tracesDir":"/home/cortes/Documents/Compass_Estágio/GIT/Schollarship_Compass/Documentos/Sprint_7/QAx/projects/mark85-robot-express/logs/browser/traces/temp/f87d1081-e705-445e-89e9-95e29e5ffb86"}</msg>
<arg>browser=firefox</arg>
<arg>headless=false</arg>
<tag>BrowserControl</tag>
<tag>Setter</tag>
<doc>Create a new playwright Browser with specified options.</doc>
<status status="PASS" start="2025-06-16T04:18:31.858065" elapsed="2.391501"/>
</kw>
<kw name="New Page" owner="Browser">
<msg time="2025-06-16T04:18:37.011006" level="INFO">Successfully initialized new page object and opened url: http://localhost:3000</msg>
<msg time="2025-06-16T04:18:37.011126" level="INFO">No context was open. New context was automatically opened when this page is created.</msg>
<arg>${BASE_URL}</arg>
<tag>BrowserControl</tag>
<tag>Setter</tag>
<doc>Open a new Page.</doc>
<status status="PASS" start="2025-06-16T04:18:34.249898" elapsed="2.761792"/>
</kw>
<status status="PASS" start="2025-06-16T04:18:31.856204" elapsed="5.155731"/>
</kw>
<kw name="Get fixtures" owner="base">
<kw name="Load Json From File" owner="JSONLibrary">
<msg time="2025-06-16T04:18:37.013852" level="INFO">${data} = {'create': {'user': {'name': 'Steve', 'email': 'steve@apple.com', 'password': '1234567'}, 'task': {'name': 'Criar uma nova versão do Iphone', 'tags': ['ios', 'music', 'ipod']}}, 'duplicate': {'user': ...</msg>
<var>${data}</var>
<arg>${EXECDIR}/resources/fixtures/${file_name}.json</arg>
<arg>encoding=utf-8</arg>
<doc>Load JSON from file.</doc>
<status status="PASS" start="2025-06-16T04:18:37.013189" elapsed="0.000720"/>
</kw>
<return>
<value>${data}[${scenario}]</value>
<status status="PASS" start="2025-06-16T04:18:37.014023" elapsed="0.000147"/>
</return>
<msg time="2025-06-16T04:18:37.014476" level="INFO">${data} = {'user': {'name': 'Steve', 'email': 'steve@apple.com', 'password': '1234567'}, 'task': {'name': 'Criar uma nova versão do Iphone', 'tags': ['ios', 'music', 'ipod']}}</msg>
<var>${data}</var>
<arg>tasks</arg>
<arg>create</arg>
<status status="PASS" start="2025-06-16T04:18:37.012562" elapsed="0.001966"/>
</kw>
<kw name="Clean user from database" owner="database">
<arg>${data}[user][email]</arg>
<status status="PASS" start="2025-06-16T04:18:37.014877" elapsed="0.364926"/>
</kw>
<kw name="Insert user from database" owner="database">
<msg time="2025-06-16T04:18:37.428468" level="INFO">{'name': 'Steve', 'email': 'steve@apple.com', 'password': '1234567'}</msg>
<arg>${data}[user]</arg>
<status status="PASS" start="2025-06-16T04:18:37.380248" elapsed="0.048426"/>
</kw>
<kw name="Submit login form" owner="LoginPage">
<kw name="Fill Text" owner="Browser">
<msg time="2025-06-16T04:18:37.431568" level="INFO">Fills the text 'steve@apple.com' in the given field.</msg>
<arg>css=input[placeholder$=mail]</arg>
<arg>${user}[email]</arg>
<tag>PageContent</tag>
<tag>Setter</tag>
<doc>Clears and fills the given ``txt`` into the text field found by ``selector``.</doc>
<status status="PASS" start="2025-06-16T04:18:37.430444" elapsed="0.113673"/>
</kw>
<kw name="Fill Text" owner="Browser">
<msg time="2025-06-16T04:18:37.545250" level="INFO">Fills the text '1234567' in the given field.</msg>
<arg>css=input[placeholder$=Senha]</arg>
<arg>${user}[password]</arg>
<tag>PageContent</tag>
<tag>Setter</tag>
<doc>Clears and fills the given ``txt`` into the text field found by ``selector``.</doc>
<status status="PASS" start="2025-06-16T04:18:37.544468" elapsed="0.040680"/>
</kw>
<kw name="Click" owner="Browser">
<msg time="2025-06-16T04:18:37.586603" level="INFO">Clicks the element 'css=button &gt;&gt; text=Entrar'.</msg>
<arg>css=button &gt;&gt; text=Entrar</arg>
<tag>PageContent</tag>
<tag>Setter</tag>
<doc>Simulates mouse click on the element found by ``selector``.</doc>
<status status="PASS" start="2025-06-16T04:18:37.585578" elapsed="0.106723"/>
</kw>
<arg>${data}[user]</arg>
<status status="PASS" start="2025-06-16T04:18:37.429367" elapsed="0.263169"/>
</kw>
<kw name="User should be logged in" owner="Header">
<kw name="Split String" owner="String">
<msg time="2025-06-16T04:18:37.694556" level="INFO">@{splited_name} = [ Steve ]</msg>
<var>@{splited_name}</var>
<arg>${name}</arg>
<doc>Splits the ``string`` using ``separator`` as a delimiter string.</doc>
<status status="PASS" start="2025-06-16T04:18:37.693900" elapsed="0.000746"/>
</kw>
<kw name="Set Variable" owner="BuiltIn">
<msg time="2025-06-16T04:18:37.695306" level="INFO">${element} = css=header .right small</msg>
<var>${element}</var>
<arg>css=header .right small</arg>
<doc>Returns the given values which can then be assigned to a variables.</doc>
<status status="PASS" start="2025-06-16T04:18:37.694952" elapsed="0.000400"/>
</kw>
<kw name="Wait For Elements State" owner="Browser">
<msg time="2025-06-16T04:18:37.765200" level="INFO">Waited for Element with selector css=header .right small at state visible</msg>
<arg>${element}</arg>
<arg>visible</arg>
<arg>5</arg>
<tag>PageContent</tag>
<tag>Wait</tag>
<doc>Waits for the element found by ``selector`` to satisfy state option.</doc>
<status status="PASS" start="2025-06-16T04:18:37.695765" elapsed="0.069697"/>
</kw>
<kw name="Get Text" owner="Browser">
<msg time="2025-06-16T04:18:37.833731" level="INFO">Text: 'Olá, Steve'</msg>
<arg>${element}</arg>
<arg>equal</arg>
<arg>Olá, ${splited_name}[0]</arg>
<tag>Assertion</tag>
<tag>Getter</tag>
<tag>PageContent</tag>
<doc>Returns text attribute of the element found by ``selector``.</doc>
<status status="PASS" start="2025-06-16T04:18:37.765765" elapsed="0.068127"/>
</kw>
<arg>${data}[user][name]</arg>
<status status="PASS" start="2025-06-16T04:18:37.693087" elapsed="0.140962"/>
</kw>
<kw name="Go to task form" owner="Header">
<kw name="Click" owner="Browser">
<msg time="2025-06-16T04:18:37.835379" level="INFO">Clicks the element 'css=.button-add'.</msg>
<arg>css=.button-add</arg>
<tag>PageContent</tag>
<tag>Setter</tag>
<doc>Simulates mouse click on the element found by ``selector``.</doc>
<status status="PASS" start="2025-06-16T04:18:37.834828" elapsed="0.060922"/>
</kw>
<status status="PASS" start="2025-06-16T04:18:37.834369" elapsed="0.061572"/>
</kw>
<kw name="Submit task form" owner="TaskCreatePage">
<kw name="Fill Text" owner="Browser">
<msg time="2025-06-16T04:18:37.897915" level="INFO">Fills the text 'Criar uma nova versão do Iphone' in the given field.</msg>
<arg>css=input[placeholder$=tarefa]</arg>
<arg>${task}[name]</arg>
<tag>PageContent</tag>
<tag>Setter</tag>
<doc>Clears and fills the given ``txt`` into the text field found by ``selector``.</doc>
<status status="PASS" start="2025-06-16T04:18:37.897179" elapsed="0.027744"/>
</kw>
<kw name="Set Variable" owner="BuiltIn">
<msg time="2025-06-16T04:18:37.926152" level="INFO">${tags_elements} = css=input[name=tags]</msg>
<var>${tags_elements}</var>
<arg>css=input[name=tags]</arg>
<doc>Returns the given values which can then be assigned to a variables.</doc>
<status status="PASS" start="2025-06-16T04:18:37.925608" elapsed="0.000658"/>
</kw>
<for flavor="IN">
<iter>
<kw name="Fill Text" owner="Browser">
<msg time="2025-06-16T04:18:37.928047" level="INFO">Fills the text 'ios' in the given field.</msg>
<arg>css=input[name=tags]</arg>
<arg>${tag}</arg>
<tag>PageContent</tag>
<tag>Setter</tag>
<doc>Clears and fills the given ``txt`` into the text field found by ``selector``.</doc>
<status status="PASS" start="2025-06-16T04:18:37.927186" elapsed="0.026907"/>
</kw>
<kw name="Sleep" owner="BuiltIn">
<msg time="2025-06-16T04:18:38.955043" level="INFO">Slept 1 second.</msg>
<arg>1</arg>
<doc>Pauses the test executed for the given time.</doc>
<status status="PASS" start="2025-06-16T04:18:37.954443" elapsed="1.000936"/>
</kw>
<kw name="Press Keys" owner="Browser">
<arg>css=input[name=tags]</arg>
<arg>Enter</arg>
<tag>PageContent</tag>
<tag>Setter</tag>
<doc>Types the given key combination into element found by ``selector``.</doc>
<status status="PASS" start="2025-06-16T04:18:38.956055" elapsed="0.132610"/>
</kw>
<var name="${tag}">ios</var>
<status status="PASS" start="2025-06-16T04:18:37.926875" elapsed="1.162071"/>
</iter>
<iter>
<kw name="Fill Text" owner="Browser">
<msg time="2025-06-16T04:18:39.091808" level="INFO">Fills the text 'music' in the given field.</msg>
<arg>css=input[name=tags]</arg>
<arg>${tag}</arg>
<tag>PageContent</tag>
<tag>Setter</tag>
<doc>Clears and fills the given ``txt`` into the text field found by ``selector``.</doc>
<status status="PASS" start="2025-06-16T04:18:39.090171" elapsed="0.077722"/>
</kw>
<kw name="Sleep" owner="BuiltIn">
<msg time="2025-06-16T04:18:40.169729" level="INFO">Slept 1 second.</msg>
<arg>1</arg>
<doc>Pauses the test executed for the given time.</doc>
<status status="PASS" start="2025-06-16T04:18:39.168664" elapsed="1.001385"/>
</kw>
<kw name="Press Keys" owner="Browser">
<arg>css=input[name=tags]</arg>
<arg>Enter</arg>
<tag>PageContent</tag>
<tag>Setter</tag>
<doc>Types the given key combination into element found by ``selector``.</doc>
<status status="PASS" start="2025-06-16T04:18:40.170701" elapsed="0.075099"/>
</kw>
<var name="${tag}">music</var>
<status status="PASS" start="2025-06-16T04:18:39.089487" elapsed="1.156622"/>
</iter>
<iter>
<kw name="Fill Text" owner="Browser">
<msg time="2025-06-16T04:18:40.249088" level="INFO">Fills the text 'ipod' in the given field.</msg>
<arg>css=input[name=tags]</arg>
<arg>${tag}</arg>
<tag>PageContent</tag>
<tag>Setter</tag>
<doc>Clears and fills the given ``txt`` into the text field found by ``selector``.</doc>
<status status="PASS" start="2025-06-16T04:18:40.247494" elapsed="0.045092"/>
</kw>
<kw name="Sleep" owner="BuiltIn">
<msg time="2025-06-16T04:18:41.294002" level="INFO">Slept 1 second.</msg>
<arg>1</arg>
<doc>Pauses the test executed for the given time.</doc>
<status status="PASS" start="2025-06-16T04:18:40.293154" elapsed="1.001191"/>
</kw>
<kw name="Press Keys" owner="Browser">
<arg>css=input[name=tags]</arg>
<arg>Enter</arg>
<tag>PageContent</tag>
<tag>Setter</tag>
<doc>Types the given key combination into element found by ``selector``.</doc>
<status status="PASS" start="2025-06-16T04:18:41.295054" elapsed="0.656674"/>
</kw>
<var name="${tag}">ipod</var>
<status status="PASS" start="2025-06-16T04:18:40.246693" elapsed="1.705326"/>
</iter>
<var>${tag}</var>
<value>@{task}[tags]</value>
<status status="PASS" start="2025-06-16T04:18:37.926453" elapsed="4.025781"/>
</for>
<kw name="Click" owner="Browser">
<msg time="2025-06-16T04:18:41.954244" level="INFO">Clicks the element 'css=button &gt;&gt; text=Cadastrar'.</msg>
<arg>css=button &gt;&gt; text=Cadastrar</arg>
<tag>PageContent</tag>
<tag>Setter</tag>
<doc>Simulates mouse click on the element found by ``selector``.</doc>
<status status="PASS" start="2025-06-16T04:18:41.952835" elapsed="0.605109"/>
</kw>
<arg>${data}[task]</arg>
<status status="PASS" start="2025-06-16T04:18:37.896512" elapsed="4.661643"/>
</kw>
<kw name="Task should be registered" owner="TasksPage">
<kw name="Wait For Elements State" owner="Browser">
<msg time="2025-06-16T04:18:42.691328" level="INFO">Waited for Element with selector css=.task-todo &gt;&gt; text=Criar uma nova versão do Iphone at state visible</msg>
<arg>css=.task-todo &gt;&gt; text=${task_name}</arg>
<arg>visible</arg>
<arg>5</arg>
<tag>PageContent</tag>
<tag>Wait</tag>
<doc>Waits for the element found by ``selector`` to satisfy state option.</doc>
<status status="PASS" start="2025-06-16T04:18:42.559948" elapsed="0.131828"/>
</kw>
<arg>${data}[task][name]</arg>
<status status="PASS" start="2025-06-16T04:18:42.558808" elapsed="0.133310"/>
</kw>
<kw name="Log" owner="BuiltIn">
<msg time="2025-06-16T04:18:42.693542" level="INFO">{'user': {'name': 'Steve', 'email': 'steve@apple.com', 'password': '1234567'}, 'task': {'name': 'Criar uma nova versão do Iphone', 'tags': ['ios', 'music', 'ipod']}}</msg>
<arg>${data}</arg>
<doc>Logs the given message with the given level.</doc>
<status status="PASS" start="2025-06-16T04:18:42.692841" elapsed="0.000878"/>
</kw>
<kw name="Take Screenshot" owner="Browser" type="TEARDOWN">
<msg time="2025-06-16T04:18:42.882816" level="INFO" html="true">&lt;/td&gt;&lt;/tr&gt;&lt;tr&gt;&lt;td colspan="3"&gt;&lt;a href="browser/screenshot/robotframework-browser-screenshot-1.png" target="_blank"&gt;&lt;img src="browser/screenshot/robotframework-browser-screenshot-1.png" width="800px"/&gt;&lt;/a&gt;</msg>
<tag>PageContent</tag>
<doc>Takes a screenshot of the current window or element and saves it to disk.</doc>
<status status="PASS" start="2025-06-16T04:18:42.694307" elapsed="0.188893"/>
</kw>
<msg time="2025-06-16T04:18:42.933538" level="INFO">Switching context to context=c81c34fa-8ad1-422e-848f-a266e9d12535 in CURRENT</msg>
<msg time="2025-06-16T04:18:42.955701" level="INFO">Successfully changed active context: context=c81c34fa-8ad1-422e-848f-a266e9d12535</msg>
<msg time="2025-06-16T04:18:42.992708" level="INFO">Successfully closed Context</msg>
<status status="PASS" start="2025-06-16T04:18:31.854683" elapsed="11.028895"/>
</test>
<test id="s1-s1-t2" name="Não deve cadastrar tarefa com nome duplicado" line="28">
<kw name="Start Session" owner="base" type="SETUP">
<kw name="New Browser" owner="Browser">
<msg time="2025-06-16T04:18:43.006298" level="INFO">Switching browser to browser=cf5e9b36-753c-49d4-8e9e-082423986449</msg>
<msg time="2025-06-16T04:18:43.013636" level="INFO">Successfully changed active browser: browser=cf5e9b36-753c-49d4-8e9e-082423986449</msg>
<msg time="2025-06-16T04:18:43.014013" level="INFO">Reusing existing browser with id: browser=cf5e9b36-753c-49d4-8e9e-082423986449</msg>
<arg>browser=firefox</arg>
<arg>headless=false</arg>
<tag>BrowserControl</tag>
<tag>Setter</tag>
<doc>Create a new playwright Browser with specified options.</doc>
<status status="PASS" start="2025-06-16T04:18:43.004241" elapsed="0.010195"/>
</kw>
<kw name="New Page" owner="Browser">
<msg time="2025-06-16T04:18:43.893159" level="INFO">Successfully initialized new page object and opened url: http://localhost:3000</msg>
<msg time="2025-06-16T04:18:43.893405" level="INFO">No context was open. New context was automatically opened when this page is created.</msg>
<arg>${BASE_URL}</arg>
<tag>BrowserControl</tag>
<tag>Setter</tag>
<doc>Open a new Page.</doc>
<status status="PASS" start="2025-06-16T04:18:43.015526" elapsed="0.878350"/>
</kw>
<status status="PASS" start="2025-06-16T04:18:43.002543" elapsed="0.891629"/>
</kw>
<kw name="Get fixtures" owner="base">
<kw name="Load Json From File" owner="JSONLibrary">
<msg time="2025-06-16T04:18:43.896702" level="INFO">${data} = {'create': {'user': {'name': 'Steve', 'email': 'steve@apple.com', 'password': '1234567'}, 'task': {'name': 'Criar uma nova versão do Iphone', 'tags': ['ios', 'music', 'ipod']}}, 'duplicate': {'user': ...</msg>
<var>${data}</var>
<arg>${EXECDIR}/resources/fixtures/${file_name}.json</arg>
<arg>encoding=utf-8</arg>
<doc>Load JSON from file.</doc>
<status status="PASS" start="2025-06-16T04:18:43.895569" elapsed="0.001296"/>
</kw>
<return>
<value>${data}[${scenario}]</value>
<status status="PASS" start="2025-06-16T04:18:43.897067" elapsed="0.000241"/>
</return>
<msg time="2025-06-16T04:18:43.897688" level="INFO">${data} = {'user': {'name': 'Amanda Waller', 'email': 'waller@checkmate.com', 'password': '1234567'}, 'task': {'name': 'CRecrutar metahumanos', 'tags': []}}</msg>
<var>${data}</var>
<arg>tasks</arg>
<arg>duplicate</arg>
<status status="PASS" start="2025-06-16T04:18:43.894802" elapsed="0.002934"/>
</kw>
<kw name="Clean user from database" owner="database">
<arg>${data}[user][email]</arg>
<status status="PASS" start="2025-06-16T04:18:43.898032" elapsed="0.040520"/>
</kw>
<kw name="Insert user from database" owner="database">
<msg time="2025-06-16T04:18:43.986991" level="INFO">{'name': 'Amanda Waller', 'email': 'waller@checkmate.com', 'password': '1234567'}</msg>
<arg>${data}[user]</arg>
<status status="PASS" start="2025-06-16T04:18:43.939118" elapsed="0.048094"/>
</kw>
<kw name="POST user session" owner="services">
<kw name="Create Dictionary" owner="BuiltIn">
<msg time="2025-06-16T04:18:43.990127" level="INFO">${payload} = {'email': 'waller@checkmate.com', 'password': '1234567'}</msg>
<var>${payload}</var>
<arg>email=${user}[email]</arg>
<arg>password=${user}[password]</arg>
<doc>Creates and returns a dictionary based on the given ``items``.</doc>
<status status="PASS" start="2025-06-16T04:18:43.989182" elapsed="0.001022"/>
</kw>
<kw name="POST" owner="RequestsLibrary">
<msg time="2025-06-16T04:18:43.996855" level="INFO">POST Request : url=http://localhost:3333/session 
 path_url=/session 
 headers={'User-Agent': 'python-requests/2.32.4', 'Accept-Encoding': 'gzip, deflate', 'Accept': '*/*', 'Connection': 'keep-alive', 'Content-Length': '56', 'Content-Type': 'application/json'} 
 body=b'{"email": "waller@checkmate.com", "password": "1234567"}' 
 </msg>
<msg time="2025-06-16T04:18:43.997054" level="INFO">POST Response : url=http://localhost:3333/session 
 status=401, reason=Unauthorized 
 headers={'X-Powered-By': 'Express', 'Access-Control-Allow-Origin': '*', 'Date': 'Mon, 16 Jun 2025 07:18:43 GMT', 'Connection': 'keep-alive', 'Keep-Alive': 'timeout=5', 'Content-Length': '0'} 
 body=None 
 </msg>
<msg time="2025-06-16T04:18:43.997384" level="FAIL">Url: http://localhost:3333/session Expected status: 401 != 200</msg>
<var>${resp}</var>
<arg>url=http://localhost:3333/session</arg>
<arg>json=${payload}</arg>
<arg>expected_status=200</arg>
<doc>Sends a POST request.</doc>
<status status="FAIL" start="2025-06-16T04:18:43.990542" elapsed="0.009159">Url: http://localhost:3333/session Expected status: 401 != 200</status>
</kw>
<kw name="Set Variable" owner="BuiltIn">
<var>${token}</var>
<arg>${resp.json()}[token]</arg>
<doc>Returns the given values which can then be assigned to a variables.</doc>
<status status="NOT RUN" start="2025-06-16T04:18:44.000215" elapsed="0.000232"/>
</kw>
<kw name="Set Test Variable" owner="BuiltIn">
<arg>${token}</arg>
<doc>Makes a variable available everywhere within the scope of the current test.</doc>
<status status="NOT RUN" start="2025-06-16T04:18:44.000787" elapsed="0.000167"/>
</kw>
<arg>${data}[user]</arg>
<status status="FAIL" start="2025-06-16T04:18:43.988132" elapsed="0.013169">Url: http://localhost:3333/session Expected status: 401 != 200</status>
</kw>
<kw name="POST a new task" owner="services">
<arg>${data}[task]</arg>
<status status="NOT RUN" start="2025-06-16T04:18:44.001981" elapsed="0.000193"/>
</kw>
<kw name="Submit login form" owner="LoginPage">
<arg>${data}[user]</arg>
<status status="NOT RUN" start="2025-06-16T04:18:44.002717" elapsed="0.000189"/>
</kw>
<kw name="User should be logged in" owner="Header">
<arg>${data}[user][name]</arg>
<status status="NOT RUN" start="2025-06-16T04:18:44.003501" elapsed="0.000191"/>
</kw>
<kw name="Go to task form" owner="Header">
<status status="NOT RUN" start="2025-06-16T04:18:44.004156" elapsed="0.001634"/>
</kw>
<kw name="Submit task form" owner="TaskCreatePage">
<arg>${data}[task]</arg>
<status status="NOT RUN" start="2025-06-16T04:18:44.006538" elapsed="0.000156"/>
</kw>
<kw name="Notice should be" owner="Notice">
<arg>Oops! Tarefa duplicada.</arg>
<status status="NOT RUN" start="2025-06-16T04:18:44.007078" elapsed="0.000147"/>
</kw>
<kw name="Take Screenshot" owner="Browser" type="TEARDOWN">
<msg time="2025-06-16T04:18:44.263229" level="INFO" html="true">&lt;/td&gt;&lt;/tr&gt;&lt;tr&gt;&lt;td colspan="3"&gt;&lt;a href="browser/screenshot/robotframework-browser-screenshot-2.png" target="_blank"&gt;&lt;img src="browser/screenshot/robotframework-browser-screenshot-2.png" width="800px"/&gt;&lt;/a&gt;</msg>
<tag>PageContent</tag>
<doc>Takes a screenshot of the current window or element and saves it to disk.</doc>
<status status="PASS" start="2025-06-16T04:18:44.007890" elapsed="0.255589"/>
</kw>
<msg time="2025-06-16T04:18:44.313482" level="INFO">Switching context to context=38068021-cda8-43f8-a7b9-df3b2489f3b7 in CURRENT</msg>
<msg time="2025-06-16T04:18:44.323740" level="INFO">Successfully changed active context: context=38068021-cda8-43f8-a7b9-df3b2489f3b7</msg>
<msg time="2025-06-16T04:18:44.344922" level="INFO">Successfully closed Context</msg>
<tag>dup</tag>
<status status="FAIL" start="2025-06-16T04:18:42.994129" elapsed="1.269576">Url: http://localhost:3333/session Expected status: 401 != 200</status>
</test>
<doc>Tests for the create task</doc>
<status status="FAIL" start="2025-06-16T04:18:30.978968" elapsed="13.366973"/>
</suite>
<status status="FAIL" start="2025-06-16T04:18:30.881786" elapsed="13.473454"/>
</suite>
<statistics>
<total>
<stat pass="1" fail="1" skip="0">All Tests</stat>
</total>
<tag>
<stat pass="0" fail="1" skip="0">dup</stat>
</tag>
<suite>
<stat name="Tasks" id="s1" pass="1" fail="1" skip="0">Tasks</stat>
<stat name="Create" id="s1-s1" pass="1" fail="1" skip="0">Tasks.Create</stat>
</suite>
</statistics>
<errors>
<msg time="2025-06-16T04:18:30.984708" level="WARN">Error in file '/home/cortes/Documents/Compass_Estágio/GIT/Schollarship_Compass/Documentos/Sprint_7/QAx/projects/mark85-robot-express/resources/base.resource' on line 48: The '[Return]' setting is deprecated. Use the 'RETURN' statement instead.</msg>
</errors>
</robot>
